
Lmod is automatically replacing "intel/2020.1.217" with "gcc/9.3.0".


Due to MODULEPATH changes, the following have been reloaded:
  1) openmpi/4.0.3

Loading required package: Rcpp
Loading 'brms' package (version 2.16.3). Useful instructions
can be found by typing help('brms'). A more detailed introduction
to the package is available through vignette('brms_overview').

Attaching package: ‘brms’

The following object is masked from ‘package:stats’:

    ar

     type             language                   family       subfamily        
 cons  :95875   adyghe    : 4765   indo-european    :34333   Length:106060     
 vowels:10185   skolt sami: 2522   uralic           :25698   Class :character  
                abkhaz    : 2146   nakh-daghestanian: 8800   Mode  :character  
                hindi     : 1805   abkhaz-adyge     : 6911                     
                lezgian   : 1730   turkic           : 5627                     
                tsez      : 1730   dravidian        : 3582                     
                (Other)   :91362   (Other)          :21109                     
  avg_c_count     avg_v_count       latitude        longitude      
 Min.   :2.532   Min.   :1.657   Min.   : 9.592   Min.   :-174.29  
 1st Qu.:2.989   1st Qu.:2.125   1st Qu.:42.250   1st Qu.:  23.80  
 Median :3.265   Median :2.326   Median :50.250   Median :  44.23  
 Mean   :3.299   Mean   :2.406   Mean   :49.824   Mean   :  47.51  
 3rd Qu.:3.524   3rd Qu.:2.637   3rd Qu.:59.801   3rd Qu.:  74.82  
 Max.   :4.926   Max.   :3.516   Max.   :73.135   Max.   : 170.04  
                                                                   
    source            v_inv_size       c_inv_size          s1       
 Length:106060      Min.   : 2.000   Min.   :16.00   m      : 3076  
 Class :character   1st Qu.: 7.000   1st Qu.:26.00   n      : 3076  
 Mode  :character   Median : 8.000   Median :31.00   t      : 3050  
                    Mean   : 9.015   Mean   :32.73   s      : 3048  
                    3rd Qu.:11.000   3rd Qu.:36.00   k      : 3005  
                    Max.   :22.000   Max.   :69.00   d      : 2948  
                                                     (Other):87857  
       s2          pair_count         s1_count         s2_count     
 m      : 3076   Min.   :  0.000   Min.   :   1.0   Min.   :   1.0  
 n      : 3076   1st Qu.:  0.000   1st Qu.:  23.0   1st Qu.:  23.0  
 t      : 3050   Median :  0.000   Median :  84.0   Median :  84.0  
 s      : 3048   Mean   :  4.277   Mean   : 134.9   Mean   : 134.9  
 k      : 3005   3rd Qu.:  3.000   3rd Qu.: 190.0   3rd Qu.: 190.0  
 d      : 2948   Max.   :940.000   Max.   :2522.0   Max.   :2522.0  
 (Other):87857                                                      
   pair_freq          s1_freq           s2_freq           identity      
 Min.   :   -Inf   Min.   :-9.0803   Min.   :-9.0803   Min.   :0.00000  
 1st Qu.:   -Inf   1st Qu.:-5.6133   1st Qu.:-5.6133   1st Qu.:0.00000  
 Median :   -Inf   Median :-4.2991   Median :-4.2991   Median :0.00000  
 Mean   :   -Inf   Mean   :-4.7449   Mean   :-4.7449   Mean   :0.03847  
 3rd Qu.:-6.7542   3rd Qu.:-3.5359   3rd Qu.:-3.5359   3rd Qu.:0.00000  
 Max.   :-0.6408   Max.   :-0.9891   Max.   :-0.9891   Max.   :1.00000  
                                                                        
 nat_class_sim          sim              syl              son        
 Min.   :0.00625   Min.   :0.0000   Min.   :0.0000   Min.   :0.0000  
 1st Qu.:0.12821   1st Qu.:0.5625   1st Qu.:1.0000   1st Qu.:0.0000  
 Median :0.20000   Median :0.6667   Median :1.0000   Median :1.0000  
 Mean   :0.25758   Mean   :0.6637   Mean   :0.9898   Mean   :0.6135  
 3rd Qu.:0.31186   3rd Qu.:0.7647   3rd Qu.:1.0000   3rd Qu.:1.0000  
 Max.   :1.00000   Max.   :1.0000   Max.   :1.0000   Max.   :1.0000  
                                                                     
      cons             cont            delrel            lat        
 Min.   :0.0000   Min.   :0.0000   Min.   :0.0000   Min.   :0.0000  
 1st Qu.:1.0000   1st Qu.:0.0000   1st Qu.:0.0000   1st Qu.:1.0000  
 Median :1.0000   Median :1.0000   Median :1.0000   Median :1.0000  
 Mean   :0.8846   Mean   :0.5567   Mean   :0.7304   Mean   :0.8921  
 3rd Qu.:1.0000   3rd Qu.:1.0000   3rd Qu.:1.0000   3rd Qu.:1.0000  
 Max.   :1.0000   Max.   :1.0000   Max.   :1.0000   Max.   :1.0000  
                                                                    
      nas             strid             voi               sg        
 Min.   :0.0000   Min.   :0.0000   Min.   :0.0000   Min.   :0.0000  
 1st Qu.:1.0000   1st Qu.:1.0000   1st Qu.:0.0000   1st Qu.:1.0000  
 Median :1.0000   Median :1.0000   Median :1.0000   Median :1.0000  
 Mean   :0.7874   Mean   :0.9069   Mean   :0.5685   Mean   :0.9569  
 3rd Qu.:1.0000   3rd Qu.:1.0000   3rd Qu.:1.0000   3rd Qu.:1.0000  
 Max.   :1.0000   Max.   :1.0000   Max.   :1.0000   Max.   :1.0000  
                                                                    
       cg              ant              cor             distr       
 Min.   :0.0000   Min.   :0.0000   Min.   :0.0000   Min.   :0.0000  
 1st Qu.:1.0000   1st Qu.:0.0000   1st Qu.:0.0000   1st Qu.:0.0000  
 Median :1.0000   Median :1.0000   Median :1.0000   Median :0.0000  
 Mean   :0.9424   Mean   :0.5601   Mean   :0.5594   Mean   :0.4776  
 3rd Qu.:1.0000   3rd Qu.:1.0000   3rd Qu.:1.0000   3rd Qu.:1.0000  
 Max.   :1.0000   Max.   :1.0000   Max.   :1.0000   Max.   :1.0000  
                                                                    
      lab               hi               lo              back       
 Min.   :0.0000   Min.   :0.0000   Min.   :0.0000   Min.   :0.0000  
 1st Qu.:0.0000   1st Qu.:0.0000   1st Qu.:1.0000   1st Qu.:0.0000  
 Median :1.0000   Median :1.0000   Median :1.0000   Median :1.0000  
 Mean   :0.6764   Mean   :0.5075   Mean   :0.8538   Mean   :0.5972  
 3rd Qu.:1.0000   3rd Qu.:1.0000   3rd Qu.:1.0000   3rd Qu.:1.0000  
 Max.   :1.0000   Max.   :1.0000   Max.   :1.0000   Max.   :1.0000  
                                                                    
     round           velaric           tense             long       hitone 
 Min.   :0.0000   Min.   :0.0000   Min.   :0.0000   Min.   :1   Min.   :1  
 1st Qu.:1.0000   1st Qu.:1.0000   1st Qu.:1.0000   1st Qu.:1   1st Qu.:1  
 Median :1.0000   Median :1.0000   Median :1.0000   Median :1   Median :1  
 Mean   :0.8746   Mean   :0.9994   Mean   :0.9508   Mean   :1   Mean   :1  
 3rd Qu.:1.0000   3rd Qu.:1.0000   3rd Qu.:1.0000   3rd Qu.:1   3rd Qu.:1  
 Max.   :1.0000   Max.   :1.0000   Max.   :1.0000   Max.   :1   Max.   :1  
                                                                           
     hireg    pair_count_v         isCons          isVow        
 Min.   :1   Min.   :  0.000   Min.   :0.000   Min.   :0.00000  
 1st Qu.:1   1st Qu.:  0.000   1st Qu.:1.000   1st Qu.:0.00000  
 Median :1   Median :  0.000   Median :1.000   Median :0.00000  
 Mean   :1   Mean   :  4.277   Mean   :0.904   Mean   :0.09603  
 3rd Qu.:1   3rd Qu.:  3.000   3rd Qu.:1.000   3rd Qu.:0.00000  
 Max.   :1   Max.   :940.000   Max.   :1.000   Max.   :1.00000  
                                                                
   log_v_inv        log_c_inv       ident_new          sim_new      
 Min.   :0.6931   Min.   :2.773   Min.   :0.00000   Min.   :0.0000  
 1st Qu.:1.9459   1st Qu.:3.258   1st Qu.:0.00000   1st Qu.:0.5333  
 Median :2.0794   Median :3.434   Median :0.00000   Median :0.6471  
 Mean   :2.1043   Mean   :3.449   Mean   :0.03847   Mean   :0.6252  
 3rd Qu.:2.3979   3rd Qu.:3.584   3rd Qu.:0.00000   3rd Qu.:0.7500  
 Max.   :3.0910   Max.   :4.234   Max.   :1.00000   Max.   :1.0000  
                                                                    
Setting 'rescor' to FALSE by default for this model
Compiling Stan program...
Start sampling

SAMPLING FOR MODEL '56dff65d88477302b6d197dc29a61fa9' NOW (CHAIN 4).

SAMPLING FOR MODEL '56dff65d88477302b6d197dc29a61fa9' NOW (CHAIN 1).

SAMPLING FOR MODEL '56dff65d88477302b6d197dc29a61fa9' NOW (CHAIN 2).

SAMPLING FOR MODEL '56dff65d88477302b6d197dc29a61fa9' NOW (CHAIN 3).
Chain 4: 
Chain 4: Gradient evaluation took 0.098332 seconds
Chain 4: 1000 transitions using 10 leapfrog steps per transition would take 983.32 seconds.
Chain 4: Adjust your expectations accordingly!
Chain 4: 
Chain 4: 
Chain 1: 
Chain 1: Gradient evaluation took 0.091661 seconds
Chain 1: 1000 transitions using 10 leapfrog steps per transition would take 916.61 seconds.
Chain 1: Adjust your expectations accordingly!
Chain 1: 
Chain 1: 
Chain 2: 
Chain 2: Gradient evaluation took 0.094422 seconds
Chain 2: 1000 transitions using 10 leapfrog steps per transition would take 944.22 seconds.
Chain 2: Adjust your expectations accordingly!
Chain 2: 
Chain 2: 
Chain 3: 
Chain 3: Gradient evaluation took 0.090232 seconds
Chain 3: 1000 transitions using 10 leapfrog steps per transition would take 902.32 seconds.
Chain 3: Adjust your expectations accordingly!
Chain 3: 
Chain 3: 
Chain 4: Iteration:    1 / 8000 [  0%]  (Warmup)
Chain 1: Iteration:    1 / 8000 [  0%]  (Warmup)
Chain 3: Iteration:    1 / 8000 [  0%]  (Warmup)
Chain 2: Iteration:    1 / 8000 [  0%]  (Warmup)
Chain 2: Iteration:  800 / 8000 [ 10%]  (Warmup)
Chain 3: Iteration:  800 / 8000 [ 10%]  (Warmup)
Chain 1: Iteration:  800 / 8000 [ 10%]  (Warmup)
Chain 4: Iteration:  800 / 8000 [ 10%]  (Warmup)
Chain 2: Iteration: 1600 / 8000 [ 20%]  (Warmup)
Chain 3: Iteration: 1600 / 8000 [ 20%]  (Warmup)
Chain 1: Iteration: 1600 / 8000 [ 20%]  (Warmup)
Chain 4: Iteration: 1600 / 8000 [ 20%]  (Warmup)
Chain 2: Iteration: 2001 / 8000 [ 25%]  (Sampling)
Chain 3: Iteration: 2001 / 8000 [ 25%]  (Sampling)
Chain 1: Iteration: 2001 / 8000 [ 25%]  (Sampling)
Chain 4: Iteration: 2001 / 8000 [ 25%]  (Sampling)
Chain 3: Iteration: 2800 / 8000 [ 35%]  (Sampling)
Chain 1: Iteration: 2800 / 8000 [ 35%]  (Sampling)
Chain 4: Iteration: 2800 / 8000 [ 35%]  (Sampling)
Chain 2: Iteration: 2800 / 8000 [ 35%]  (Sampling)
Chain 3: Iteration: 3600 / 8000 [ 45%]  (Sampling)
Chain 1: Iteration: 3600 / 8000 [ 45%]  (Sampling)
Chain 4: Iteration: 3600 / 8000 [ 45%]  (Sampling)
Chain 3: Iteration: 4400 / 8000 [ 55%]  (Sampling)
Chain 1: Iteration: 4400 / 8000 [ 55%]  (Sampling)
Chain 4: Iteration: 4400 / 8000 [ 55%]  (Sampling)
Chain 2: Iteration: 3600 / 8000 [ 45%]  (Sampling)
Chain 3: Iteration: 5200 / 8000 [ 65%]  (Sampling)
Chain 1: Iteration: 5200 / 8000 [ 65%]  (Sampling)
Chain 4: Iteration: 5200 / 8000 [ 65%]  (Sampling)
Chain 3: Iteration: 6000 / 8000 [ 75%]  (Sampling)
Chain 1: Iteration: 6000 / 8000 [ 75%]  (Sampling)
Chain 4: Iteration: 6000 / 8000 [ 75%]  (Sampling)
Chain 2: Iteration: 4400 / 8000 [ 55%]  (Sampling)
Chain 3: Iteration: 6800 / 8000 [ 85%]  (Sampling)
Chain 1: Iteration: 6800 / 8000 [ 85%]  (Sampling)
Chain 4: Iteration: 6800 / 8000 [ 85%]  (Sampling)
Chain 3: Iteration: 7600 / 8000 [ 95%]  (Sampling)
Chain 1: Iteration: 7600 / 8000 [ 95%]  (Sampling)
Chain 3: Iteration: 8000 / 8000 [100%]  (Sampling)
Chain 3: 
Chain 3:  Elapsed Time: 24704.1 seconds (Warm-up)
Chain 3:                51639.3 seconds (Sampling)
Chain 3:                76343.4 seconds (Total)
Chain 3: 
Chain 4: Iteration: 7600 / 8000 [ 95%]  (Sampling)
Chain 1: Iteration: 8000 / 8000 [100%]  (Sampling)
Chain 1: 
Chain 1:  Elapsed Time: 25600.8 seconds (Warm-up)
Chain 1:                51627.5 seconds (Sampling)
Chain 1:                77228.2 seconds (Total)
Chain 1: 
Chain 2: Iteration: 5200 / 8000 [ 65%]  (Sampling)
Chain 4: Iteration: 8000 / 8000 [100%]  (Sampling)
Chain 4: 
Chain 4:  Elapsed Time: 28617.3 seconds (Warm-up)
Chain 4:                51638.7 seconds (Sampling)
Chain 4:                80255.9 seconds (Total)
Chain 4: 
Chain 2: Iteration: 6000 / 8000 [ 75%]  (Sampling)
Chain 2: Iteration: 6800 / 8000 [ 85%]  (Sampling)
Chain 2: Iteration: 7600 / 8000 [ 95%]  (Sampling)
Chain 2: Iteration: 8000 / 8000 [100%]  (Sampling)
Chain 2: 
Chain 2:  Elapsed Time: 24256.9 seconds (Warm-up)
Chain 2:                101047 seconds (Sampling)
Chain 2:                125304 seconds (Total)
Chain 2: 
Sampling priors, please wait...
Bayes Factor (Savage-Dickey density ratio) paircount

Parameter   |  Response |       BF
----------------------------------
(Intercept) | paircount | 2.62e+71
(Intercept) | paircount | 2.62e+71
log_c_inv   | paircount |    0.025
log_c_inv   | paircount |    0.025
log_v_inv   | paircount |    0.161
log_v_inv   | paircount |    0.161
sim_new     | paircount | 4.61e+08
sim_new     | paircount | 4.61e+08
ident_new   | paircount | 6.25e+09
ident_new   | paircount | 6.25e+09

# Fixed effects paircountv

Parameter   |   Response |       BF
-----------------------------------
(Intercept) | paircountv | 2.76e+20
(Intercept) | paircountv | 2.76e+20
log_c_inv   | paircountv |    0.034
log_c_inv   | paircountv |    0.034
log_v_inv   | paircountv |    60.72
log_v_inv   | paircountv |    60.72
sim_new     | paircountv |    0.754
sim_new     | paircountv |    0.754
ident_new   | paircountv |     1.52
ident_new   | paircountv |     1.52

* Evidence Against The Null: 0 Family: MV(negbinomial, negbinomial) 
  Links: mu = log; shape = identity
         mu = log; shape = identity 
Formula: pair_count | subset(isCons) ~ offset(s1_freq + s2_freq) + log_c_inv + log_v_inv + sim_new + ident_new + (ident_new + sim_new | q | family) + (ident_new + sim_new | p | family:language) 
         pair_count_v | subset(isVow) ~ offset(s1_freq + s2_freq) + log_c_inv + log_v_inv + sim_new + ident_new + (ident_new + sim_new | q | family) + (ident_new + sim_new | p | family:language) 
   Data: data (Number of observations: 106060) 
  Draws: 4 chains, each with iter = 8000; warmup = 2000; thin = 1;
         total post-warmup draws = 24000

Group-Level Effects: 
~family (Number of levels: 21) 
                                               Estimate Est.Error l-95% CI
sd(paircount_Intercept)                            0.13      0.06     0.02
sd(paircount_ident_new)                            0.39      0.10     0.22
sd(paircount_sim_new)                              0.26      0.09     0.12
sd(paircountv_Intercept)                           0.07      0.05     0.00
sd(paircountv_ident_new)                           0.46      0.12     0.27
sd(paircountv_sim_new)                             0.08      0.07     0.00
cor(paircount_Intercept,paircount_ident_new)      -0.19      0.30    -0.70
cor(paircount_Intercept,paircount_sim_new)        -0.45      0.29    -0.87
cor(paircount_ident_new,paircount_sim_new)        -0.05      0.28    -0.58
cor(paircount_Intercept,paircountv_Intercept)      0.09      0.35    -0.61
cor(paircount_ident_new,paircountv_Intercept)     -0.09      0.34    -0.71
cor(paircount_sim_new,paircountv_Intercept)        0.13      0.34    -0.57
cor(paircount_Intercept,paircountv_ident_new)      0.36      0.28    -0.27
cor(paircount_ident_new,paircountv_ident_new)     -0.04      0.26    -0.52
cor(paircount_sim_new,paircountv_ident_new)        0.06      0.28    -0.48
cor(paircountv_Intercept,paircountv_ident_new)    -0.14      0.34    -0.73
cor(paircount_Intercept,paircountv_sim_new)        0.00      0.35    -0.66
cor(paircount_ident_new,paircountv_sim_new)        0.07      0.35    -0.61
cor(paircount_sim_new,paircountv_sim_new)          0.08      0.35    -0.61
cor(paircountv_Intercept,paircountv_sim_new)      -0.09      0.36    -0.73
cor(paircountv_ident_new,paircountv_sim_new)      -0.01      0.34    -0.66
                                               u-95% CI Rhat Bulk_ESS Tail_ESS
sd(paircount_Intercept)                            0.27 1.00     3173     4328
sd(paircount_ident_new)                            0.61 1.00     7524    12441
sd(paircount_sim_new)                              0.46 1.00     3877     6523
sd(paircountv_Intercept)                           0.18 1.00     5321     9171
sd(paircountv_ident_new)                           0.73 1.00    12137    15832
sd(paircountv_sim_new)                             0.25 1.00     9949    13387
cor(paircount_Intercept,paircount_ident_new)       0.45 1.00     4947     7690
cor(paircount_Intercept,paircount_sim_new)         0.25 1.00     4537     6943
cor(paircount_ident_new,paircount_sim_new)         0.47 1.00     6737    12832
cor(paircount_Intercept,paircountv_Intercept)      0.72 1.00    13938    16469
cor(paircount_ident_new,paircountv_Intercept)      0.58 1.00    20156    16967
cor(paircount_sim_new,paircountv_Intercept)        0.73 1.00    18737    18093
cor(paircount_Intercept,paircountv_ident_new)      0.80 1.00     7306     9305
cor(paircount_ident_new,paircountv_ident_new)      0.46 1.00    13391    17530
cor(paircount_sim_new,paircountv_ident_new)        0.58 1.00     9134    14942
cor(paircountv_Intercept,paircountv_ident_new)     0.54 1.00     9171    14571
cor(paircount_Intercept,paircountv_sim_new)        0.66 1.00    25880    18460
cor(paircount_ident_new,paircountv_sim_new)        0.71 1.00    24856    18641
cor(paircount_sim_new,paircountv_sim_new)          0.71 1.00    27020    19136
cor(paircountv_Intercept,paircountv_sim_new)       0.61 1.00    19463    20202
cor(paircountv_ident_new,paircountv_sim_new)       0.64 1.00    22477    21173

~family:language (Number of levels: 107) 
                                               Estimate Est.Error l-95% CI
sd(paircount_Intercept)                            0.24      0.04     0.17
sd(paircount_ident_new)                            0.28      0.06     0.16
sd(paircount_sim_new)                              0.33      0.06     0.23
sd(paircountv_Intercept)                           0.26      0.04     0.17
sd(paircountv_ident_new)                           0.19      0.10     0.02
sd(paircountv_sim_new)                             0.31      0.09     0.12
cor(paircount_Intercept,paircount_ident_new)      -0.29      0.20    -0.63
cor(paircount_Intercept,paircount_sim_new)        -0.56      0.14    -0.77
cor(paircount_ident_new,paircount_sim_new)         0.46      0.18     0.05
cor(paircount_Intercept,paircountv_Intercept)      0.56      0.15     0.23
cor(paircount_ident_new,paircountv_Intercept)      0.25      0.21    -0.18
cor(paircount_sim_new,paircountv_Intercept)        0.17      0.19    -0.22
cor(paircount_Intercept,paircountv_ident_new)      0.05      0.29    -0.53
cor(paircount_ident_new,paircountv_ident_new)      0.28      0.29    -0.35
cor(paircount_sim_new,paircountv_ident_new)        0.08      0.29    -0.50
cor(paircountv_Intercept,paircountv_ident_new)     0.13      0.29    -0.43
cor(paircount_Intercept,paircountv_sim_new)        0.00      0.24    -0.47
cor(paircount_ident_new,paircountv_sim_new)       -0.27      0.25    -0.72
cor(paircount_sim_new,paircountv_sim_new)          0.21      0.24    -0.27
cor(paircountv_Intercept,paircountv_sim_new)      -0.27      0.26    -0.66
cor(paircountv_ident_new,paircountv_sim_new)      -0.17      0.30    -0.73
                                               u-95% CI Rhat Bulk_ESS Tail_ESS
sd(paircount_Intercept)                            0.31 1.00     3978     7474
sd(paircount_ident_new)                            0.40 1.00     4547     6580
sd(paircount_sim_new)                              0.45 1.00     2212     3583
sd(paircountv_Intercept)                           0.35 1.00     8362    13719
sd(paircountv_ident_new)                           0.38 1.00     2805     5075
sd(paircountv_sim_new)                             0.49 1.00     3134     3827
cor(paircount_Intercept,paircount_ident_new)       0.17 1.00     3971     6404
cor(paircount_Intercept,paircount_sim_new)        -0.24 1.00     2873     4716
cor(paircount_ident_new,paircount_sim_new)         0.75 1.00     2281     4513
cor(paircount_Intercept,paircountv_Intercept)      0.83 1.00     5324     8139
cor(paircount_ident_new,paircountv_Intercept)      0.64 1.00     7022    13527
cor(paircount_sim_new,paircountv_Intercept)        0.54 1.00    11230    15356
cor(paircount_Intercept,paircountv_ident_new)      0.59 1.00    15987    15189
cor(paircount_ident_new,paircountv_ident_new)      0.78 1.00    11441    12066
cor(paircount_sim_new,paircountv_ident_new)        0.63 1.00    14419    14669
cor(paircountv_Intercept,paircountv_ident_new)     0.68 1.00    12583    16117
cor(paircount_Intercept,paircountv_sim_new)        0.48 1.00     9236    12894
cor(paircount_ident_new,paircountv_sim_new)        0.27 1.00     6373    10658
cor(paircount_sim_new,paircountv_sim_new)          0.65 1.00     9572    13191
cor(paircountv_Intercept,paircountv_sim_new)       0.34 1.00     4809     7894
cor(paircountv_ident_new,paircountv_sim_new)       0.44 1.00    14483    16313

Population-Level Effects: 
                     Estimate Est.Error l-95% CI u-95% CI Rhat Bulk_ESS
paircount_Intercept      9.96      0.37     9.24    10.69 1.00     8004
paircountv_Intercept     9.47      0.50     8.51    10.46 1.00     9029
paircount_log_c_inv     -0.03      0.10    -0.22     0.16 1.00     8018
paircount_log_v_inv     -0.13      0.06    -0.25    -0.01 1.00     7273
paircount_sim_new       -0.98      0.09    -1.17    -0.81 1.00     9853
paircount_ident_new     -1.48      0.11    -1.69    -1.25 1.00    10053
paircountv_log_c_inv     0.04      0.13    -0.22     0.30 1.00     9014
paircountv_log_v_inv    -0.35      0.08    -0.52    -0.19 1.00     8169
paircountv_sim_new       0.25      0.09     0.06     0.43 1.00    19564
paircountv_ident_new     0.40      0.14     0.12     0.67 1.00    14248
                     Tail_ESS
paircount_Intercept     13483
paircountv_Intercept    14146
paircount_log_c_inv     13690
paircount_log_v_inv     11419
paircount_sim_new       12866
paircount_ident_new     13885
paircountv_log_c_inv    14152
paircountv_log_v_inv    13603
paircountv_sim_new      17583
paircountv_ident_new    16548

Family Specific Parameters: 
                 Estimate Est.Error l-95% CI u-95% CI Rhat Bulk_ESS Tail_ESS
shape_paircount      1.12      0.01     1.10     1.14 1.00    42627    18755
shape_paircountv     0.85      0.02     0.81     0.88 1.00    39470    18007

Draws were sampled using sampling(NUTS). For each parameter, Bulk_ESS
and Tail_ESS are effective sample size measures, and Rhat is the potential
scale reduction factor on split chains (at convergence, Rhat = 1).
