
Lmod is automatically replacing "intel/2020.1.217" with "gcc/9.3.0".


Due to MODULEPATH changes, the following have been reloaded:
  1) openmpi/4.0.3

Loading required package: Rcpp
Loading 'brms' package (version 2.16.3). Useful instructions
can be found by typing help('brms'). A more detailed introduction
to the package is available through vignette('brms_overview').

Attaching package: ‘brms’

The following object is masked from ‘package:stats’:

    ar

May the fourth be with you!
     type             language                   family       subfamily        
 cons  :95875   adyghe    : 4765   indo-european    :34333   Length:106060     
 vowels:10185   skolt sami: 2522   uralic           :25698   Class :character  
                abkhaz    : 2146   nakh-daghestanian: 8800   Mode  :character  
                hindi     : 1805   abkhaz-adyge     : 6911                     
                lezgian   : 1730   turkic           : 5627                     
                tsez      : 1730   dravidian        : 3582                     
                (Other)   :91362   (Other)          :21109                     
  avg_c_count     avg_v_count       latitude        longitude      
 Min.   :2.532   Min.   :1.657   Min.   : 9.592   Min.   :-174.29  
 1st Qu.:2.989   1st Qu.:2.125   1st Qu.:42.250   1st Qu.:  23.80  
 Median :3.265   Median :2.326   Median :50.250   Median :  44.23  
 Mean   :3.299   Mean   :2.406   Mean   :49.824   Mean   :  47.51  
 3rd Qu.:3.524   3rd Qu.:2.637   3rd Qu.:59.801   3rd Qu.:  74.82  
 Max.   :4.926   Max.   :3.516   Max.   :73.135   Max.   : 170.04  
                                                                   
    source            v_inv_size       c_inv_size          s1       
 Length:106060      Min.   : 2.000   Min.   :16.00   m      : 3076  
 Class :character   1st Qu.: 7.000   1st Qu.:26.00   n      : 3076  
 Mode  :character   Median : 8.000   Median :31.00   t      : 3050  
                    Mean   : 9.015   Mean   :32.73   s      : 3048  
                    3rd Qu.:11.000   3rd Qu.:36.00   k      : 3005  
                    Max.   :22.000   Max.   :69.00   d      : 2948  
                                                     (Other):87857  
       s2          pair_count         s1_count         s2_count     
 m      : 3076   Min.   :  0.000   Min.   :   1.0   Min.   :   1.0  
 n      : 3076   1st Qu.:  0.000   1st Qu.:  23.0   1st Qu.:  23.0  
 t      : 3050   Median :  0.000   Median :  84.0   Median :  84.0  
 s      : 3048   Mean   :  4.277   Mean   : 134.9   Mean   : 134.9  
 k      : 3005   3rd Qu.:  3.000   3rd Qu.: 190.0   3rd Qu.: 190.0  
 d      : 2948   Max.   :940.000   Max.   :2522.0   Max.   :2522.0  
 (Other):87857                                                      
   pair_freq          s1_freq           s2_freq           identity      
 Min.   :   -Inf   Min.   :-9.0803   Min.   :-9.0803   Min.   :0.00000  
 1st Qu.:   -Inf   1st Qu.:-5.6133   1st Qu.:-5.6133   1st Qu.:0.00000  
 Median :   -Inf   Median :-4.2991   Median :-4.2991   Median :0.00000  
 Mean   :   -Inf   Mean   :-4.7449   Mean   :-4.7449   Mean   :0.03847  
 3rd Qu.:-6.7542   3rd Qu.:-3.5359   3rd Qu.:-3.5359   3rd Qu.:0.00000  
 Max.   :-0.6408   Max.   :-0.9891   Max.   :-0.9891   Max.   :1.00000  
                                                                        
 nat_class_sim          sim              syl              son        
 Min.   :0.00625   Min.   :0.0000   Min.   :0.0000   Min.   :0.0000  
 1st Qu.:0.12821   1st Qu.:0.5625   1st Qu.:1.0000   1st Qu.:0.0000  
 Median :0.20000   Median :0.6667   Median :1.0000   Median :1.0000  
 Mean   :0.25758   Mean   :0.6637   Mean   :0.9898   Mean   :0.6135  
 3rd Qu.:0.31186   3rd Qu.:0.7647   3rd Qu.:1.0000   3rd Qu.:1.0000  
 Max.   :1.00000   Max.   :1.0000   Max.   :1.0000   Max.   :1.0000  
                                                                     
      cons             cont            delrel            lat        
 Min.   :0.0000   Min.   :0.0000   Min.   :0.0000   Min.   :0.0000  
 1st Qu.:1.0000   1st Qu.:0.0000   1st Qu.:0.0000   1st Qu.:1.0000  
 Median :1.0000   Median :1.0000   Median :1.0000   Median :1.0000  
 Mean   :0.8846   Mean   :0.5567   Mean   :0.7304   Mean   :0.8921  
 3rd Qu.:1.0000   3rd Qu.:1.0000   3rd Qu.:1.0000   3rd Qu.:1.0000  
 Max.   :1.0000   Max.   :1.0000   Max.   :1.0000   Max.   :1.0000  
                                                                    
      nas             strid             voi               sg        
 Min.   :0.0000   Min.   :0.0000   Min.   :0.0000   Min.   :0.0000  
 1st Qu.:1.0000   1st Qu.:1.0000   1st Qu.:0.0000   1st Qu.:1.0000  
 Median :1.0000   Median :1.0000   Median :1.0000   Median :1.0000  
 Mean   :0.7874   Mean   :0.9069   Mean   :0.5685   Mean   :0.9569  
 3rd Qu.:1.0000   3rd Qu.:1.0000   3rd Qu.:1.0000   3rd Qu.:1.0000  
 Max.   :1.0000   Max.   :1.0000   Max.   :1.0000   Max.   :1.0000  
                                                                    
       cg              ant              cor             distr       
 Min.   :0.0000   Min.   :0.0000   Min.   :0.0000   Min.   :0.0000  
 1st Qu.:1.0000   1st Qu.:0.0000   1st Qu.:0.0000   1st Qu.:0.0000  
 Median :1.0000   Median :1.0000   Median :1.0000   Median :0.0000  
 Mean   :0.9424   Mean   :0.5601   Mean   :0.5594   Mean   :0.4776  
 3rd Qu.:1.0000   3rd Qu.:1.0000   3rd Qu.:1.0000   3rd Qu.:1.0000  
 Max.   :1.0000   Max.   :1.0000   Max.   :1.0000   Max.   :1.0000  
                                                                    
      lab               hi               lo              back       
 Min.   :0.0000   Min.   :0.0000   Min.   :0.0000   Min.   :0.0000  
 1st Qu.:0.0000   1st Qu.:0.0000   1st Qu.:1.0000   1st Qu.:0.0000  
 Median :1.0000   Median :1.0000   Median :1.0000   Median :1.0000  
 Mean   :0.6764   Mean   :0.5075   Mean   :0.8538   Mean   :0.5972  
 3rd Qu.:1.0000   3rd Qu.:1.0000   3rd Qu.:1.0000   3rd Qu.:1.0000  
 Max.   :1.0000   Max.   :1.0000   Max.   :1.0000   Max.   :1.0000  
                                                                    
     round           velaric           tense             long       hitone 
 Min.   :0.0000   Min.   :0.0000   Min.   :0.0000   Min.   :1   Min.   :1  
 1st Qu.:1.0000   1st Qu.:1.0000   1st Qu.:1.0000   1st Qu.:1   1st Qu.:1  
 Median :1.0000   Median :1.0000   Median :1.0000   Median :1   Median :1  
 Mean   :0.8746   Mean   :0.9994   Mean   :0.9508   Mean   :1   Mean   :1  
 3rd Qu.:1.0000   3rd Qu.:1.0000   3rd Qu.:1.0000   3rd Qu.:1   3rd Qu.:1  
 Max.   :1.0000   Max.   :1.0000   Max.   :1.0000   Max.   :1   Max.   :1  
                                                                           
     hireg    pair_count_v         isCons          isVow        
 Min.   :1   Min.   :  0.000   Min.   :0.000   Min.   :0.00000  
 1st Qu.:1   1st Qu.:  0.000   1st Qu.:1.000   1st Qu.:0.00000  
 Median :1   Median :  0.000   Median :1.000   Median :0.00000  
 Mean   :1   Mean   :  4.277   Mean   :0.904   Mean   :0.09603  
 3rd Qu.:1   3rd Qu.:  3.000   3rd Qu.:1.000   3rd Qu.:0.00000  
 Max.   :1   Max.   :940.000   Max.   :1.000   Max.   :1.00000  
                                                                
   log_v_inv        log_c_inv       ident_new          sim_new      
 Min.   :0.6931   Min.   :2.773   Min.   :0.00000   Min.   :0.0000  
 1st Qu.:1.9459   1st Qu.:3.258   1st Qu.:0.00000   1st Qu.:0.1178  
 Median :2.0794   Median :3.434   Median :0.00000   Median :0.1873  
 Mean   :2.1043   Mean   :3.449   Mean   :0.03847   Mean   :0.2191  
 3rd Qu.:2.3979   3rd Qu.:3.584   3rd Qu.:0.00000   3rd Qu.:0.2889  
 Max.   :3.0910   Max.   :4.234   Max.   :1.00000   Max.   :1.0000  
                                                                    
Setting 'rescor' to FALSE by default for this model
Compiling Stan program...
Start sampling

SAMPLING FOR MODEL '56dff65d88477302b6d197dc29a61fa9' NOW (CHAIN 4).

SAMPLING FOR MODEL '56dff65d88477302b6d197dc29a61fa9' NOW (CHAIN 1).

SAMPLING FOR MODEL '56dff65d88477302b6d197dc29a61fa9' NOW (CHAIN 2).

SAMPLING FOR MODEL '56dff65d88477302b6d197dc29a61fa9' NOW (CHAIN 3).
Chain 4: 
Chain 4: Gradient evaluation took 0.098096 seconds
Chain 4: 1000 transitions using 10 leapfrog steps per transition would take 980.96 seconds.
Chain 4: Adjust your expectations accordingly!
Chain 4: 
Chain 4: 
Chain 1: 
Chain 1: Gradient evaluation took 0.097465 seconds
Chain 1: 1000 transitions using 10 leapfrog steps per transition would take 974.65 seconds.
Chain 1: Adjust your expectations accordingly!
Chain 1: 
Chain 1: 
Chain 2: 
Chain 2: Gradient evaluation took 0.099264 seconds
Chain 2: 1000 transitions using 10 leapfrog steps per transition would take 992.64 seconds.
Chain 2: Adjust your expectations accordingly!
Chain 2: 
Chain 2: 
Chain 3: 
Chain 3: Gradient evaluation took 0.099095 seconds
Chain 3: 1000 transitions using 10 leapfrog steps per transition would take 990.95 seconds.
Chain 3: Adjust your expectations accordingly!
Chain 3: 
Chain 3: 
Chain 4: Iteration:    1 / 8000 [  0%]  (Warmup)
Chain 2: Iteration:    1 / 8000 [  0%]  (Warmup)
Chain 3: Iteration:    1 / 8000 [  0%]  (Warmup)
Chain 1: Iteration:    1 / 8000 [  0%]  (Warmup)
Chain 3: Iteration:  800 / 8000 [ 10%]  (Warmup)
Chain 4: Iteration:  800 / 8000 [ 10%]  (Warmup)
Chain 2: Iteration:  800 / 8000 [ 10%]  (Warmup)
Chain 1: Iteration:  800 / 8000 [ 10%]  (Warmup)
Chain 2: Iteration: 1600 / 8000 [ 20%]  (Warmup)
Chain 3: Iteration: 1600 / 8000 [ 20%]  (Warmup)
Chain 4: Iteration: 1600 / 8000 [ 20%]  (Warmup)
Chain 1: Iteration: 1600 / 8000 [ 20%]  (Warmup)
Chain 2: Iteration: 2001 / 8000 [ 25%]  (Sampling)
Chain 4: Iteration: 2001 / 8000 [ 25%]  (Sampling)
Chain 3: Iteration: 2001 / 8000 [ 25%]  (Sampling)
Chain 1: Iteration: 2001 / 8000 [ 25%]  (Sampling)
Chain 2: Iteration: 2800 / 8000 [ 35%]  (Sampling)
Chain 4: Iteration: 2800 / 8000 [ 35%]  (Sampling)
Chain 3: Iteration: 2800 / 8000 [ 35%]  (Sampling)
Chain 1: Iteration: 2800 / 8000 [ 35%]  (Sampling)
Chain 2: Iteration: 3600 / 8000 [ 45%]  (Sampling)
Chain 4: Iteration: 3600 / 8000 [ 45%]  (Sampling)
Chain 3: Iteration: 3600 / 8000 [ 45%]  (Sampling)
Chain 1: Iteration: 3600 / 8000 [ 45%]  (Sampling)
Chain 2: Iteration: 4400 / 8000 [ 55%]  (Sampling)
Chain 4: Iteration: 4400 / 8000 [ 55%]  (Sampling)
Chain 3: Iteration: 4400 / 8000 [ 55%]  (Sampling)
Chain 1: Iteration: 4400 / 8000 [ 55%]  (Sampling)
Chain 2: Iteration: 5200 / 8000 [ 65%]  (Sampling)
Chain 4: Iteration: 5200 / 8000 [ 65%]  (Sampling)
Chain 3: Iteration: 5200 / 8000 [ 65%]  (Sampling)
Chain 1: Iteration: 5200 / 8000 [ 65%]  (Sampling)
Chain 2: Iteration: 6000 / 8000 [ 75%]  (Sampling)
Chain 4: Iteration: 6000 / 8000 [ 75%]  (Sampling)
Chain 3: Iteration: 6000 / 8000 [ 75%]  (Sampling)
Chain 1: Iteration: 6000 / 8000 [ 75%]  (Sampling)
Chain 2: Iteration: 6800 / 8000 [ 85%]  (Sampling)
Chain 4: Iteration: 6800 / 8000 [ 85%]  (Sampling)
Chain 3: Iteration: 6800 / 8000 [ 85%]  (Sampling)
Chain 1: Iteration: 6800 / 8000 [ 85%]  (Sampling)
Chain 2: Iteration: 7600 / 8000 [ 95%]  (Sampling)
Chain 4: Iteration: 7600 / 8000 [ 95%]  (Sampling)
Chain 3: Iteration: 7600 / 8000 [ 95%]  (Sampling)
Chain 2: Iteration: 8000 / 8000 [100%]  (Sampling)
Chain 2: 
Chain 2:  Elapsed Time: 23241.4 seconds (Warm-up)
Chain 2:                58194.4 seconds (Sampling)
Chain 2:                81435.8 seconds (Total)
Chain 2: 
Chain 4: Iteration: 8000 / 8000 [100%]  (Sampling)
Chain 4: 
Chain 4:  Elapsed Time: 23584.7 seconds (Warm-up)
Chain 4:                58221.5 seconds (Sampling)
Chain 4:                81806.1 seconds (Total)
Chain 4: 
Chain 3: Iteration: 8000 / 8000 [100%]  (Sampling)
Chain 3: 
Chain 3:  Elapsed Time: 23619.5 seconds (Warm-up)
Chain 3:                58663.1 seconds (Sampling)
Chain 3:                82282.5 seconds (Total)
Chain 3: 
Chain 1: Iteration: 7600 / 8000 [ 95%]  (Sampling)
Chain 1: Iteration: 8000 / 8000 [100%]  (Sampling)
Chain 1: 
Chain 1:  Elapsed Time: 24738.4 seconds (Warm-up)
Chain 1:                62454.4 seconds (Sampling)
Chain 1:                87192.8 seconds (Total)
Chain 1: 
Warning messages:
1: There were 1 divergent transitions after warmup. See
https://mc-stan.org/misc/warnings.html#divergent-transitions-after-warmup
to find out why this is a problem and how to eliminate them. 
2: Examine the pairs() plot to diagnose sampling problems
 
Sampling priors, please wait...
Bayes Factor (Savage-Dickey density ratio) paircount

Parameter   |  Response |       BF
----------------------------------
(Intercept) | paircount | 1.09e+35
(Intercept) | paircount | 1.09e+35
log_c_inv   | paircount |    0.053
log_c_inv   | paircount |    0.053
log_v_inv   | paircount |    0.221
log_v_inv   | paircount |    0.221
sim_new     | paircount | 4.39e+04
sim_new     | paircount | 4.39e+04
ident_new   | paircount | 1.36e+06
ident_new   | paircount | 1.36e+06

# Fixed effects paircountv

Parameter   |   Response |       BF
-----------------------------------
(Intercept) | paircountv | 7.97e+25
(Intercept) | paircountv | 7.97e+25
log_c_inv   | paircountv |    0.032
log_c_inv   | paircountv |    0.032
log_v_inv   | paircountv |    12.41
log_v_inv   | paircountv |    12.41
sim_new     | paircountv |    0.394
sim_new     | paircountv |    0.394
ident_new   | paircountv |    0.883
ident_new   | paircountv |    0.883

* Evidence Against The Null: 0 Family: MV(negbinomial, negbinomial) 
  Links: mu = log; shape = identity
         mu = log; shape = identity 
Formula: pair_count | subset(isCons) ~ offset(s1_freq + s2_freq) + log_c_inv + log_v_inv + sim_new + ident_new + (ident_new + sim_new | q | family) + (ident_new + sim_new | p | family:language) 
         pair_count_v | subset(isVow) ~ offset(s1_freq + s2_freq) + log_c_inv + log_v_inv + sim_new + ident_new + (ident_new + sim_new | q | family) + (ident_new + sim_new | p | family:language) 
   Data: data (Number of observations: 106060) 
  Draws: 4 chains, each with iter = 8000; warmup = 2000; thin = 1;
         total post-warmup draws = 24000

Group-Level Effects: 
~family (Number of levels: 21) 
                                               Estimate Est.Error l-95% CI
sd(paircount_Intercept)                            0.10      0.05     0.01
sd(paircount_ident_new)                            0.41      0.09     0.26
sd(paircount_sim_new)                              0.37      0.11     0.19
sd(paircountv_Intercept)                           0.07      0.05     0.00
sd(paircountv_ident_new)                           0.44      0.11     0.26
sd(paircountv_sim_new)                             0.14      0.11     0.01
cor(paircount_Intercept,paircount_ident_new)      -0.27      0.28    -0.73
cor(paircount_Intercept,paircount_sim_new)        -0.12      0.30    -0.65
cor(paircount_ident_new,paircount_sim_new)        -0.16      0.26    -0.63
cor(paircount_Intercept,paircountv_Intercept)      0.06      0.36    -0.63
cor(paircount_ident_new,paircountv_Intercept)     -0.03      0.33    -0.66
cor(paircount_sim_new,paircountv_Intercept)        0.12      0.33    -0.55
cor(paircount_Intercept,paircountv_ident_new)      0.47      0.27    -0.17
cor(paircount_ident_new,paircountv_ident_new)     -0.03      0.25    -0.51
cor(paircount_sim_new,paircountv_ident_new)       -0.13      0.27    -0.63
cor(paircountv_Intercept,paircountv_ident_new)    -0.26      0.33    -0.81
cor(paircount_Intercept,paircountv_sim_new)        0.05      0.36    -0.64
cor(paircount_ident_new,paircountv_sim_new)        0.08      0.35    -0.61
cor(paircount_sim_new,paircountv_sim_new)          0.01      0.35    -0.65
cor(paircountv_Intercept,paircountv_sim_new)      -0.13      0.36    -0.76
cor(paircountv_ident_new,paircountv_sim_new)       0.07      0.35    -0.62
                                               u-95% CI Rhat Bulk_ESS Tail_ESS
sd(paircount_Intercept)                            0.20 1.00     4113     4390
sd(paircount_ident_new)                            0.63 1.00    14132    17753
sd(paircount_sim_new)                              0.62 1.00    13266    16313
sd(paircountv_Intercept)                           0.18 1.00     6591    12056
sd(paircountv_ident_new)                           0.70 1.00    13963    15818
sd(paircountv_sim_new)                             0.42 1.00    10519    14210
cor(paircount_Intercept,paircount_ident_new)       0.35 1.00     7085     6985
cor(paircount_Intercept,paircount_sim_new)         0.48 1.00    11416    13258
cor(paircount_ident_new,paircount_sim_new)         0.35 1.00    19276    18873
cor(paircount_Intercept,paircountv_Intercept)      0.70 1.00    16369    16828
cor(paircount_ident_new,paircountv_Intercept)      0.61 1.00    23517    18105
cor(paircount_sim_new,paircountv_Intercept)        0.71 1.00    23328    19754
cor(paircount_Intercept,paircountv_ident_new)      0.87 1.00     8224     9004
cor(paircount_ident_new,paircountv_ident_new)      0.45 1.00    23479    20591
cor(paircount_sim_new,paircountv_ident_new)        0.41 1.00    19934    21017
cor(paircountv_Intercept,paircountv_ident_new)     0.46 1.00     9075    15804
cor(paircount_Intercept,paircountv_sim_new)        0.70 1.00    37902    18611
cor(paircount_ident_new,paircountv_sim_new)        0.71 1.00    35135    19507
cor(paircount_sim_new,paircountv_sim_new)          0.67 1.00    32825    19845
cor(paircountv_Intercept,paircountv_sim_new)       0.60 1.00    20052    19365
cor(paircountv_ident_new,paircountv_sim_new)       0.70 1.00    25859    21471

~family:language (Number of levels: 107) 
                                               Estimate Est.Error l-95% CI
sd(paircount_Intercept)                            0.20      0.02     0.16
sd(paircount_ident_new)                            0.22      0.05     0.11
sd(paircount_sim_new)                              0.42      0.05     0.32
sd(paircountv_Intercept)                           0.25      0.03     0.19
sd(paircountv_ident_new)                           0.25      0.09     0.05
sd(paircountv_sim_new)                             0.52      0.12     0.28
cor(paircount_Intercept,paircount_ident_new)      -0.01      0.19    -0.36
cor(paircount_Intercept,paircount_sim_new)        -0.13      0.14    -0.39
cor(paircount_ident_new,paircount_sim_new)         0.05      0.22    -0.39
cor(paircount_Intercept,paircountv_Intercept)      0.85      0.07     0.68
cor(paircount_ident_new,paircountv_Intercept)      0.10      0.21    -0.33
cor(paircount_sim_new,paircountv_Intercept)        0.11      0.17    -0.24
cor(paircount_Intercept,paircountv_ident_new)      0.13      0.23    -0.34
cor(paircount_ident_new,paircountv_ident_new)      0.33      0.27    -0.26
cor(paircount_sim_new,paircountv_ident_new)       -0.03      0.26    -0.53
cor(paircountv_Intercept,paircountv_ident_new)     0.03      0.25    -0.43
cor(paircount_Intercept,paircountv_sim_new)        0.02      0.21    -0.38
cor(paircount_ident_new,paircountv_sim_new)       -0.25      0.26    -0.72
cor(paircount_sim_new,paircountv_sim_new)          0.32      0.21    -0.12
cor(paircountv_Intercept,paircountv_sim_new)      -0.22      0.22    -0.58
cor(paircountv_ident_new,paircountv_sim_new)      -0.12      0.29    -0.67
                                               u-95% CI Rhat Bulk_ESS Tail_ESS
sd(paircount_Intercept)                            0.23 1.00    10032    15337
sd(paircount_ident_new)                            0.32 1.00     7132     6816
sd(paircount_sim_new)                              0.53 1.00    10945    15943
sd(paircountv_Intercept)                           0.32 1.00    15678    18004
sd(paircountv_ident_new)                           0.42 1.00     4881     6292
sd(paircountv_sim_new)                             0.77 1.00     7299     8404
cor(paircount_Intercept,paircount_ident_new)       0.37 1.00    17305    16594
cor(paircount_Intercept,paircount_sim_new)         0.16 1.00    13625    17669
cor(paircount_ident_new,paircount_sim_new)         0.45 1.00     4069     5613
cor(paircount_Intercept,paircountv_Intercept)      0.96 1.00    16705    18536
cor(paircount_ident_new,paircountv_Intercept)      0.51 1.00    19330    19657
cor(paircount_sim_new,paircountv_Intercept)        0.44 1.00    18896    19591
cor(paircount_Intercept,paircountv_ident_new)      0.57 1.00    20071    17233
cor(paircount_ident_new,paircountv_ident_new)      0.80 1.00    13827    15722
cor(paircount_sim_new,paircountv_ident_new)        0.48 1.00    19635    19030
cor(paircountv_Intercept,paircountv_ident_new)     0.56 1.00    16012    17203
cor(paircount_Intercept,paircountv_sim_new)        0.43 1.00    19816    18314
cor(paircount_ident_new,paircountv_sim_new)        0.29 1.00     9962    16097
cor(paircount_sim_new,paircountv_sim_new)          0.70 1.00    16074    16661
cor(paircountv_Intercept,paircountv_sim_new)       0.28 1.00    11758    14687
cor(paircountv_ident_new,paircountv_sim_new)       0.44 1.00    15172    18803

Population-Level Effects: 
                     Estimate Est.Error l-95% CI u-95% CI Rhat Bulk_ESS
paircount_Intercept      9.83      0.37     9.11    10.56 1.00     9275
paircountv_Intercept     9.62      0.50     8.64    10.61 1.00    10738
paircount_log_c_inv     -0.12      0.10    -0.31     0.07 1.00     9702
paircount_log_v_inv     -0.14      0.06    -0.26    -0.02 1.00     8310
paircount_sim_new       -0.82      0.12    -1.06    -0.59 1.00    18017
paircount_ident_new     -1.02      0.11    -1.23    -0.79 1.00    17531
paircountv_log_c_inv    -0.02      0.13    -0.28     0.24 1.00    11334
paircountv_log_v_inv    -0.31      0.08    -0.47    -0.14 1.00     9255
paircountv_sim_new       0.30      0.14     0.03     0.58 1.00    26159
paircountv_ident_new     0.35      0.14     0.08     0.62 1.00    22477
                     Tail_ESS
paircount_Intercept     13348
paircountv_Intercept    15083
paircount_log_c_inv     13532
paircount_log_v_inv     13182
paircount_sim_new       16862
paircount_ident_new     17261
paircountv_log_c_inv    15565
paircountv_log_v_inv    14732
paircountv_sim_new      18669
paircountv_ident_new    18005

Family Specific Parameters: 
                 Estimate Est.Error l-95% CI u-95% CI Rhat Bulk_ESS Tail_ESS
shape_paircount      1.11      0.01     1.09     1.13 1.00    54664    17185
shape_paircountv     0.85      0.02     0.81     0.88 1.00    51728    16751

Draws were sampled using sampling(NUTS). For each parameter, Bulk_ESS
and Tail_ESS are effective sample size measures, and Rhat is the potential
scale reduction factor on split chains (at convergence, Rhat = 1).
Warning message:
There were 1 divergent transitions after warmup. Increasing adapt_delta above 0.95 may help. See http://mc-stan.org/misc/warnings.html#divergent-transitions-after-warmup 
